"../../../Engine/Plugins/2D/Paper2D/Content/DefaultSpriteMaterial.uasset" 0
"../../../Engine/Plugins/2D/Paper2D/Content/TranslucentUnlitSpriteMaterial.uasset" 1
"../../../demon/Content/aseti/CrniLik/demonologija/karakter_-_summon_export0000.uasset" 2
"../../../demon/Content/aseti/CrniLik/demonologija/karakter_-_summon_export0000_Sprite.uasset" 3
"../../../demon/Content/aseti/CrniLik/demonologija/karakter_-_summon_export0001.uasset" 4
"../../../demon/Content/aseti/CrniLik/demonologija/karakter_-_summon_export0001_Sprite.uasset" 5
"../../../demon/Content/aseti/CrniLik/demonologija/karakter_-_summon_export0002.uasset" 6
"../../../demon/Content/aseti/CrniLik/demonologija/karakter_-_summon_export0002_Sprite.uasset" 7
"../../../demon/Content/aseti/CrniLik/demonologija/karakter_-_summon_export0003.uasset" 8
"../../../demon/Content/aseti/CrniLik/demonologija/karakter_-_summon_export0003_Sprite.uasset" 9
"../../../demon/Content/aseti/CrniLik/demonologija/karakter_-_summon_export0004.uasset" 10
"../../../demon/Content/aseti/CrniLik/demonologija/karakter_-_summon_export0004_Sprite.uasset" 11
"../../../demon/Content/aseti/CrniLik/demonologija/karakter_-_summon_export0005.uasset" 12
"../../../demon/Content/aseti/CrniLik/demonologija/karakter_-_summon_export0005_Sprite.uasset" 13
"../../../demon/Content/aseti/CrniLik/demonologija/an_cl_summon.uasset" 14
"../../../demon/Content/aseti/CrniLik/demonologija/demon/karakter_-_summon_demon_export0000.uasset" 15
"../../../demon/Content/aseti/CrniLik/demonologija/demon/karakter_-_summon_demon_export0000_Sprite.uasset" 16
"../../../demon/Content/aseti/CrniLik/demonologija/demon/karakter_-_summon_demon_export0001.uasset" 17
"../../../demon/Content/aseti/CrniLik/demonologija/demon/karakter_-_summon_demon_export0001_Sprite.uasset" 18
"../../../demon/Content/aseti/CrniLik/demonologija/demon/karakter_-_summon_demon_export0002.uasset" 19
"../../../demon/Content/aseti/CrniLik/demonologija/demon/karakter_-_summon_demon_export0002_Sprite.uasset" 20
"../../../demon/Content/aseti/CrniLik/demonologija/demon/karakter_-_summon_demon_export0003.uasset" 21
"../../../demon/Content/aseti/CrniLik/demonologija/demon/karakter_-_summon_demon_export0003_Sprite.uasset" 22
"../../../demon/Content/aseti/CrniLik/demonologija/demon/karakter_-_summon_demon_export0004.uasset" 23
"../../../demon/Content/aseti/CrniLik/demonologija/demon/karakter_-_summon_demon_export0004_Sprite.uasset" 24
"../../../demon/Content/aseti/CrniLik/demonologija/demon/karakter_-_summon_demon_export0005.uasset" 25
"../../../demon/Content/aseti/CrniLik/demonologija/demon/karakter_-_summon_demon_export0005_Sprite.uasset" 26
"../../../demon/Content/aseti/CrniLik/demonologija/demon/karakter_-_summon_demon_export0006.uasset" 27
"../../../demon/Content/aseti/CrniLik/demonologija/demon/karakter_-_summon_demon_export0006_Sprite.uasset" 28
"../../../demon/Content/aseti/CrniLik/demonologija/demon/karakter_-_summon_demon_export0007.uasset" 29
"../../../demon/Content/aseti/CrniLik/demonologija/demon/karakter_-_summon_demon_export0007_Sprite.uasset" 30
"../../../demon/Content/aseti/CrniLik/demonologija/demon/karakter_-_summon_demon_export0008.uasset" 31
"../../../demon/Content/aseti/CrniLik/demonologija/demon/karakter_-_summon_demon_export0008_Sprite.uasset" 32
"../../../demon/Content/aseti/CrniLik/demonologija/demon/karakter_-_summon_demon_export0009.uasset" 33
"../../../demon/Content/aseti/CrniLik/demonologija/demon/karakter_-_summon_demon_export0009_Sprite.uasset" 34
"../../../demon/Content/aseti/CrniLik/demonologija/demon/karakter_-_summon_demon_export0010.uasset" 35
"../../../demon/Content/aseti/CrniLik/demonologija/demon/karakter_-_summon_demon_export0010_Sprite.uasset" 36
"../../../demon/Content/aseti/CrniLik/demonologija/demon/karakter_-_summon_demon_export0011.uasset" 37
"../../../demon/Content/aseti/CrniLik/demonologija/demon/karakter_-_summon_demon_export0011_Sprite.uasset" 38
"../../../demon/Content/aseti/CrniLik/demonologija/demon/karakter_-_summon_demon_export0012.uasset" 39
"../../../demon/Content/aseti/CrniLik/demonologija/demon/karakter_-_summon_demon_export0012_Sprite.uasset" 40
"../../../demon/Content/aseti/CrniLik/demonologija/demon/an_cl_demon.uasset" 41
"../../../demon/Content/aseti/CrniLik/dmg/karakter_-_damage_EXPORT0000.uasset" 42
"../../../demon/Content/aseti/CrniLik/dmg/karakter_-_damage_EXPORT0000_Sprite.uasset" 43
"../../../demon/Content/aseti/CrniLik/dmg/karakter_-_damage_EXPORT0001.uasset" 44
"../../../demon/Content/aseti/CrniLik/dmg/karakter_-_damage_EXPORT0001_Sprite.uasset" 45
"../../../demon/Content/aseti/CrniLik/dmg/karakter_-_damage_EXPORT0002.uasset" 46
"../../../demon/Content/aseti/CrniLik/dmg/karakter_-_damage_EXPORT0002_Sprite.uasset" 47
"../../../demon/Content/aseti/CrniLik/dmg/karakter_-_damage_EXPORT0003.uasset" 48
"../../../demon/Content/aseti/CrniLik/dmg/karakter_-_damage_EXPORT0003_Sprite.uasset" 49
"../../../demon/Content/aseti/CrniLik/dmg/karaktan_cl_damage.uasset" 50
"../../../demon/Content/aseti/CrniLik/mirovanje/disanje_copy_20000.uasset" 51
"../../../demon/Content/aseti/CrniLik/mirovanje/disanje_copy_20000_Sprite.uasset" 52
"../../../demon/Content/aseti/CrniLik/mirovanje/disanje_copy_20001.uasset" 53
"../../../demon/Content/aseti/CrniLik/mirovanje/disanje_copy_20001_Sprite.uasset" 54
"../../../demon/Content/aseti/CrniLik/mirovanje/disanje_copy_20002.uasset" 55
"../../../demon/Content/aseti/CrniLik/mirovanje/disanje_copy_20002_Sprite.uasset" 56
"../../../demon/Content/aseti/CrniLik/mirovanje/disanje_copy_20003.uasset" 57
"../../../demon/Content/aseti/CrniLik/mirovanje/disanje_copy_20003_Sprite.uasset" 58
"../../../demon/Content/aseti/CrniLik/mirovanje/disanje_copy_20004.uasset" 59
"../../../demon/Content/aseti/CrniLik/mirovanje/disanje_copy_20004_Sprite.uasset" 60
"../../../demon/Content/aseti/CrniLik/mirovanje/disanje_copy_20005.uasset" 61
"../../../demon/Content/aseti/CrniLik/mirovanje/disanje_copy_20005_Sprite.uasset" 62
"../../../demon/Content/aseti/CrniLik/mirovanje/disanje_copy_20006.uasset" 63
"../../../demon/Content/aseti/CrniLik/mirovanje/disanje_copy_20006_Sprite.uasset" 64
"../../../demon/Content/aseti/CrniLik/mirovanje/disanje_copy_20007.uasset" 65
"../../../demon/Content/aseti/CrniLik/mirovanje/disanje_copy_20007_Sprite.uasset" 66
"../../../demon/Content/aseti/CrniLik/mirovanje/disanje_copy_20008.uasset" 67
"../../../demon/Content/aseti/CrniLik/mirovanje/disanje_copy_20008_Sprite.uasset" 68
"../../../demon/Content/aseti/CrniLik/mirovanje/disanje_copy_20009.uasset" 69
"../../../demon/Content/aseti/CrniLik/mirovanje/disanje_copy_20009_Sprite.uasset" 70
"../../../demon/Content/aseti/CrniLik/mirovanje/disanje_copy_20010.uasset" 71
"../../../demon/Content/aseti/CrniLik/mirovanje/disanje_copy_20010_Sprite.uasset" 72
"../../../demon/Content/aseti/CrniLik/mirovanje/disanje_copy_20011.uasset" 73
"../../../demon/Content/aseti/CrniLik/mirovanje/disanje_copy_20011_Sprite.uasset" 74
"../../../demon/Content/aseti/CrniLik/mirovanje/disanje_copy_20012.uasset" 75
"../../../demon/Content/aseti/CrniLik/mirovanje/disanje_copy_20012_Sprite.uasset" 76
"../../../demon/Content/aseti/CrniLik/mirovanje/disanje_copy_20013.uasset" 77
"../../../demon/Content/aseti/CrniLik/mirovanje/disanje_copy_20013_Sprite.uasset" 78
"../../../demon/Content/aseti/CrniLik/mirovanje/disanje_copy_20014.uasset" 79
"../../../demon/Content/aseti/CrniLik/mirovanje/disanje_copy_20014_Sprite.uasset" 80
"../../../demon/Content/aseti/CrniLik/mirovanje/disanje_copy_20015.uasset" 81
"../../../demon/Content/aseti/CrniLik/mirovanje/disanje_copy_20015_Sprite.uasset" 82
"../../../demon/Content/aseti/CrniLik/mirovanje/disanje_copy_20016.uasset" 83
"../../../demon/Content/aseti/CrniLik/mirovanje/disanje_copy_20016_Sprite.uasset" 84
"../../../demon/Content/aseti/CrniLik/mirovanje/disanje_copy_20017.uasset" 85
"../../../demon/Content/aseti/CrniLik/mirovanje/disanje_copy_20017_Sprite.uasset" 86
"../../../demon/Content/aseti/CrniLik/mirovanje/disanje_copy_20018.uasset" 87
"../../../demon/Content/aseti/CrniLik/mirovanje/disanje_copy_20018_Sprite.uasset" 88
"../../../demon/Content/aseti/CrniLik/mirovanje/disanje_copy_20019.uasset" 89
"../../../demon/Content/aseti/CrniLik/mirovanje/disanje_copy_20019_Sprite.uasset" 90
"../../../demon/Content/aseti/CrniLik/mirovanje/disanje_copy_20020.uasset" 91
"../../../demon/Content/aseti/CrniLik/mirovanje/disanje_copy_20020_Sprite.uasset" 92
"../../../demon/Content/aseti/CrniLik/mirovanje/disanje_copy_20021.uasset" 93
"../../../demon/Content/aseti/CrniLik/mirovanje/disanje_copy_20021_Sprite.uasset" 94
"../../../demon/Content/aseti/CrniLik/mirovanje/an_cl_mirovanje.uasset" 95
"../../../demon/Content/aseti/CrniLik/pucanje/PUCANJE_010000.uasset" 96
"../../../demon/Content/aseti/CrniLik/pucanje/PUCANJE_010000_Sprite.uasset" 97
"../../../demon/Content/aseti/CrniLik/pucanje/PUCANJE_010001.uasset" 98
"../../../demon/Content/aseti/CrniLik/pucanje/PUCANJE_010001_Sprite.uasset" 99
"../../../demon/Content/aseti/CrniLik/pucanje/PUCANJE_010002.uasset" 100
"../../../demon/Content/aseti/CrniLik/pucanje/PUCANJE_010002_Sprite.uasset" 101
"../../../demon/Content/aseti/CrniLik/pucanje/PUCANJE_010003.uasset" 102
"../../../demon/Content/aseti/CrniLik/pucanje/PUCANJE_010003_Sprite.uasset" 103
"../../../demon/Content/aseti/CrniLik/pucanje/PUCANJE_010004.uasset" 104
"../../../demon/Content/aseti/CrniLik/pucanje/PUCANJE_010004_Sprite.uasset" 105
"../../../demon/Content/aseti/CrniLik/pucanje/PUCANJE_010006.uasset" 106
"../../../demon/Content/aseti/CrniLik/pucanje/PUCANJE_010006_Sprite.uasset" 107
"../../../demon/Content/aseti/CrniLik/pucanje/an_cl_pucanje.uasset" 108
"../../../demon/Content/aseti/CrniLik/pucanje/exp_metka/pucanje_metka0000.uasset" 109
"../../../demon/Content/aseti/CrniLik/pucanje/exp_metka/pucanje_metka0000_Sprite.uasset" 110
"../../../demon/Content/aseti/CrniLik/pucanje/exp_metka/pucanje_metka0001.uasset" 111
"../../../demon/Content/aseti/CrniLik/pucanje/exp_metka/pucanje_metka0001_Sprite.uasset" 112
"../../../demon/Content/aseti/CrniLik/pucanje/exp_metka/pucanje_metka0002.uasset" 113
"../../../demon/Content/aseti/CrniLik/pucanje/exp_metka/pucanje_metka0002_Sprite.uasset" 114
"../../../demon/Content/aseti/CrniLik/pucanje/exp_metka/pucanje_metka0003.uasset" 115
"../../../demon/Content/aseti/CrniLik/pucanje/exp_metka/pucanje_metka0003_Sprite.uasset" 116
"../../../demon/Content/aseti/CrniLik/pucanje/exp_metka/pucanje_metka0004.uasset" 117
"../../../demon/Content/aseti/CrniLik/pucanje/exp_metka/pucanje_metka0004_Sprite.uasset" 118
"../../../demon/Content/aseti/CrniLik/pucanje/exp_metka/pucanje_metka0005.uasset" 119
"../../../demon/Content/aseti/CrniLik/pucanje/exp_metka/pucanje_metka0005_Sprite.uasset" 120
"../../../demon/Content/aseti/CrniLik/pucanje/exp_metka/pucanje_metka.uasset" 121
"../../../demon/Content/aseti/CrniLik/pucanje/metak/METAK_010001.uasset" 122
"../../../demon/Content/aseti/CrniLik/pucanje/metak/METAK_010001_Sprite.uasset" 123
"../../../demon/Content/aseti/CrniLik/pucanje/metak/METAK_010002.uasset" 124
"../../../demon/Content/aseti/CrniLik/pucanje/metak/METAK_010002_Sprite.uasset" 125
"../../../demon/Content/aseti/CrniLik/pucanje/metak/METAK_010003.uasset" 126
"../../../demon/Content/aseti/CrniLik/pucanje/metak/METAK_010003_Sprite.uasset" 127
"../../../demon/Content/aseti/CrniLik/pucanje/metak/METAK_010004.uasset" 128
"../../../demon/Content/aseti/CrniLik/pucanje/metak/METAK_010004_Sprite.uasset" 129
"../../../demon/Content/aseti/CrniLik/pucanje/metak/an_cl_metak.uasset" 130
"../../../demon/Content/aseti/CrniLik/smrt/umire20000.uasset" 131
"../../../demon/Content/aseti/CrniLik/smrt/umire20000_Sprite.uasset" 132
"../../../demon/Content/aseti/CrniLik/smrt/umire20001.uasset" 133
"../../../demon/Content/aseti/CrniLik/smrt/umire20001_Sprite.uasset" 134
"../../../demon/Content/aseti/CrniLik/smrt/umire20002.uasset" 135
"../../../demon/Content/aseti/CrniLik/smrt/umire20002_Sprite.uasset" 136
"../../../demon/Content/aseti/CrniLik/smrt/umire20003.uasset" 137
"../../../demon/Content/aseti/CrniLik/smrt/umire20003_Sprite.uasset" 138
"../../../demon/Content/aseti/CrniLik/smrt/umire20004.uasset" 139
"../../../demon/Content/aseti/CrniLik/smrt/umire20004_Sprite.uasset" 140
"../../../demon/Content/aseti/CrniLik/smrt/umire20005.uasset" 141
"../../../demon/Content/aseti/CrniLik/smrt/umire20005_Sprite.uasset" 142
"../../../demon/Content/aseti/CrniLik/smrt/umire20006.uasset" 143
"../../../demon/Content/aseti/CrniLik/smrt/umire20006_Sprite.uasset" 144
"../../../demon/Content/aseti/CrniLik/smrt/umire20007.uasset" 145
"../../../demon/Content/aseti/CrniLik/smrt/umire20007_Sprite.uasset" 146
"../../../demon/Content/aseti/CrniLik/smrt/umire20008.uasset" 147
"../../../demon/Content/aseti/CrniLik/smrt/umire20008_Sprite.uasset" 148
"../../../demon/Content/aseti/CrniLik/smrt/umire20009.uasset" 149
"../../../demon/Content/aseti/CrniLik/smrt/umire20009_Sprite.uasset" 150
"../../../demon/Content/aseti/CrniLik/smrt/umire20010.uasset" 151
"../../../demon/Content/aseti/CrniLik/smrt/umire20010_Sprite.uasset" 152
"../../../demon/Content/aseti/CrniLik/smrt/umire20011.uasset" 153
"../../../demon/Content/aseti/CrniLik/smrt/umire20011_Sprite.uasset" 154
"../../../demon/Content/aseti/CrniLik/smrt/umire20012.uasset" 155
"../../../demon/Content/aseti/CrniLik/smrt/umire20012_Sprite.uasset" 156
"../../../demon/Content/aseti/CrniLik/smrt/an_cl_smrt.uasset" 157
"../../../demon/Content/aseti/CrniLik/teleport/izlaz/karakter_-_TELEPORT_izlaz0000.uasset" 158
"../../../demon/Content/aseti/CrniLik/teleport/izlaz/karakter_-_TELEPORT_izlaz0000_Sprite.uasset" 159
"../../../demon/Content/aseti/CrniLik/teleport/izlaz/karakter_-_TELEPORT_izlaz0001.uasset" 160
"../../../demon/Content/aseti/CrniLik/teleport/izlaz/karakter_-_TELEPORT_izlaz0001_Sprite.uasset" 161
"../../../demon/Content/aseti/CrniLik/teleport/izlaz/karakter_-_TELEPORT_izlaz0002.uasset" 162
"../../../demon/Content/aseti/CrniLik/teleport/izlaz/karakter_-_TELEPORT_izlaz0002_Sprite.uasset" 163
"../../../demon/Content/aseti/CrniLik/teleport/izlaz/karakter_-_TELEPORT_izlaz0003.uasset" 164
"../../../demon/Content/aseti/CrniLik/teleport/izlaz/karakter_-_TELEPORT_izlaz0003_Sprite.uasset" 165
"../../../demon/Content/aseti/CrniLik/teleport/izlaz/karakter_-_TELEPORT_izlaz0004.uasset" 166
"../../../demon/Content/aseti/CrniLik/teleport/izlaz/karakter_-_TELEPORT_izlaz0004_Sprite.uasset" 167
"../../../demon/Content/aseti/CrniLik/teleport/izlaz/karakter_-_TELEPORT_izlaz0005.uasset" 168
"../../../demon/Content/aseti/CrniLik/teleport/izlaz/karakter_-_TELEPORT_izlaz0005_Sprite.uasset" 169
"../../../demon/Content/aseti/CrniLik/teleport/izlaz/karakter_-_TELEPORT_izlaz0006.uasset" 170
"../../../demon/Content/aseti/CrniLik/teleport/izlaz/karakter_-_TELEPORT_izlaz0006_Sprite.uasset" 171
"../../../demon/Content/aseti/CrniLik/teleport/izlaz/an_cl_TELEPORT_izlaz.uasset" 172
"../../../demon/Content/aseti/CrniLik/teleport/ulaz/karakter_-_TELEPORT_ulaz0000.uasset" 173
"../../../demon/Content/aseti/CrniLik/teleport/ulaz/karakter_-_TELEPORT_ulaz0000_Sprite.uasset" 174
"../../../demon/Content/aseti/CrniLik/teleport/ulaz/karakter_-_TELEPORT_ulaz0001.uasset" 175
"../../../demon/Content/aseti/CrniLik/teleport/ulaz/karakter_-_TELEPORT_ulaz0001_Sprite.uasset" 176
"../../../demon/Content/aseti/CrniLik/teleport/ulaz/karakter_-_TELEPORT_ulaz0002.uasset" 177
"../../../demon/Content/aseti/CrniLik/teleport/ulaz/karakter_-_TELEPORT_ulaz0002_Sprite.uasset" 178
"../../../demon/Content/aseti/CrniLik/teleport/ulaz/karakter_-_TELEPORT_ulaz0003.uasset" 179
"../../../demon/Content/aseti/CrniLik/teleport/ulaz/karakter_-_TELEPORT_ulaz0003_Sprite.uasset" 180
"../../../demon/Content/aseti/CrniLik/teleport/ulaz/karakter_-_TELEPORT_ulaz0004.uasset" 181
"../../../demon/Content/aseti/CrniLik/teleport/ulaz/karakter_-_TELEPORT_ulaz0004_Sprite.uasset" 182
"../../../demon/Content/aseti/CrniLik/teleport/ulaz/karakter_-_TELEPORT_ulaz0005.uasset" 183
"../../../demon/Content/aseti/CrniLik/teleport/ulaz/karakter_-_TELEPORT_ulaz0005_Sprite.uasset" 184
"../../../demon/Content/aseti/CrniLik/teleport/ulaz/karakter_-_TELEPORT_ulaz0006.uasset" 185
"../../../demon/Content/aseti/CrniLik/teleport/ulaz/karakter_-_TELEPORT_ulaz0006_Sprite.uasset" 186
"../../../demon/Content/aseti/CrniLik/teleport/ulaz/an_cl_TELEPORT_ulaz.uasset" 187
"../../../demon/Content/aseti/CrniLik/trcanje-skok/Character-hd-skok_i_treptaj.uasset" 188
"../../../demon/Content/aseti/CrniLik/trcanje-skok/Character-hd-skok_i_treptaj_Sprite_15.uasset" 189
"../../../demon/Content/aseti/CrniLik/trcanje-skok/Character-hd-skok_i_treptaj_Sprite_16.uasset" 190
"../../../demon/Content/aseti/CrniLik/trcanje-skok/Character-hd-skok_i_treptaj_Sprite_17.uasset" 191
"../../../demon/Content/aseti/CrniLik/trcanje-skok/Character-hd-skok_i_treptaj_Sprite_18.uasset" 192
"../../../demon/Content/aseti/CrniLik/trcanje-skok/Character-hd-skok_i_treptaj_Sprite_19.uasset" 193
"../../../demon/Content/aseti/CrniLik/trcanje-skok/Character-hd-skok_i_treptaj_Sprite_20.uasset" 194
"../../../demon/Content/aseti/CrniLik/trcanje-skok/an_cl_skok.uasset" 195
"../../../demon/Content/aseti/CrniLik/trcanje-skok/Character-hd-skok_i_treptaj_Sprite_10.uasset" 196
"../../../demon/Content/aseti/CrniLik/trcanje-skok/Character-hd-skok_i_treptaj_Sprite_11.uasset" 197
"../../../demon/Content/aseti/CrniLik/trcanje-skok/Character-hd-skok_i_treptaj_Sprite_12.uasset" 198
"../../../demon/Content/aseti/CrniLik/trcanje-skok/Character-hd-skok_i_treptaj_Sprite_13.uasset" 199
"../../../demon/Content/aseti/CrniLik/trcanje-skok/Character-hd-skok_i_treptaj_Sprite_14.uasset" 200
"../../../demon/Content/aseti/CrniLik/trcanje-skok/Character-hd-skok_i_treptaj_Sprite_8.uasset" 201
"../../../demon/Content/aseti/CrniLik/trcanje-skok/Character-hd-skok_i_treptaj_Sprite_9.uasset" 202
"../../../demon/Content/aseti/CrniLik/trcanje-skok/an_cl_trcanje.uasset" 203
"../../../Engine/Content/EditorBlueprintResources/StandardMacros.uasset" 204
"../../../demon/Content/osnovni_aseti/Textures/2DCharacter_IdleAnimAtlas.uasset" 205
"../../../demon/Content/osnovni_aseti/Sprites/IdleFrames/IdleCycle1.uasset" 206
"../../../demon/Content/osnovni_aseti/Sprites/IdleFrames/IdleCycle2.uasset" 207
"../../../demon/Content/osnovni_aseti/Sprites/IdleFrames/IdleCycle3.uasset" 208
"../../../demon/Content/osnovni_aseti/Sprites/IdleFrames/IdleCycle4.uasset" 209
"../../../demon/Content/osnovni_aseti/Sprites/IdleFrames/IdleCycle5.uasset" 210
"../../../demon/Content/osnovni_aseti/Sprites/IdleFrames/IdleCycle6.uasset" 211
"../../../demon/Content/osnovni_aseti/Sprites/IdleFrames/IdleCycle7.uasset" 212
"../../../demon/Content/osnovni_aseti/Sprites/IdleFrames/IdleCycle8.uasset" 213
"../../../demon/Content/osnovni_aseti/Sprites/IdleAnimation.uasset" 214
"../../../demon/Content/osnovni_aseti/Textures/2DCharacter_RunAnimAtlas.uasset" 215
"../../../demon/Content/osnovni_aseti/Sprites/RunFrames/RunCycle_1.uasset" 216
"../../../demon/Content/osnovni_aseti/Sprites/RunFrames/RunCycle_10.uasset" 217
"../../../demon/Content/osnovni_aseti/Sprites/RunFrames/RunCycle_11.uasset" 218
"../../../demon/Content/osnovni_aseti/Sprites/RunFrames/RunCycle_12.uasset" 219
"../../../demon/Content/osnovni_aseti/Sprites/RunFrames/RunCycle_13.uasset" 220
"../../../demon/Content/osnovni_aseti/Sprites/RunFrames/RunCycle_14.uasset" 221
"../../../demon/Content/osnovni_aseti/Sprites/RunFrames/RunCycle_15.uasset" 222
"../../../demon/Content/osnovni_aseti/Sprites/RunFrames/RunCycle_16.uasset" 223
"../../../demon/Content/osnovni_aseti/Sprites/RunFrames/RunCycle_2.uasset" 224
"../../../demon/Content/osnovni_aseti/Sprites/RunFrames/RunCycle_3.uasset" 225
"../../../demon/Content/osnovni_aseti/Sprites/RunFrames/RunCycle_4.uasset" 226
"../../../demon/Content/osnovni_aseti/Sprites/RunFrames/RunCycle_5.uasset" 227
"../../../demon/Content/osnovni_aseti/Sprites/RunFrames/RunCycle_6.uasset" 228
"../../../demon/Content/osnovni_aseti/Sprites/RunFrames/RunCycle_7.uasset" 229
"../../../demon/Content/osnovni_aseti/Sprites/RunFrames/RunCycle_8.uasset" 230
"../../../demon/Content/osnovni_aseti/Sprites/RunFrames/RunCycle_9.uasset" 231
"../../../demon/Content/osnovni_aseti/Sprites/RunningAnimation.uasset" 232
"../../../demon/Content/aseti/CrniLik/bp_crnilik/crnilik.uasset" 233
"../../../demon/Content/aseti/mape/modovi/vs_mod.uasset" 234
"../../../demon/Content/osnovni_aseti/Textures/2DBackgroundTile.uasset" 235
"../../../demon/Content/osnovni_aseti/Materials/PrototypingSpriteMaterial.uasset" 236
"../../../demon/Content/osnovni_aseti/Sprites/PrototypingSprite.uasset" 237
"../../../Engine/Content/Functions/Engine_MaterialFunctions01/Opacity/CameraDepthFade.uasset" 238
"../../../Engine/Content/EngineMaterials/T_Default_Material_Grid_M.uasset" 239
"../../../Engine/Content/EngineMaterials/T_Default_Material_Grid_N.uasset" 240
"../../../Engine/Content/EngineMaterials/DefaultMaterial.uasset" 241
"../../../Engine/Content/BasicShapes/Cone.uasset" 242
"../../../Engine/Content/EngineMaterials/WorldGridMaterial.uasset" 243
"../../../Engine/Content/BasicShapes/Cube.uasset" 244
"../../../Engine/Content/BasicShapes/Cylinder.uasset" 245
"../../../Engine/Content/BasicShapes/Plane.uasset" 246
"../../../Engine/Content/BasicShapes/Sphere.uasset" 247
"../../../Engine/Content/EditorLandscapeResources/DataLayer.uasset" 248
"../../../Engine/Content/EditorMaterials/GizmoMaterial.uasset" 249
"../../../Engine/Content/EditorMaterials/MAT_Groups_Toggle.uasset" 250
"../../../Engine/Content/EditorMaterials/MAT_Groups_Visibility.uasset" 251
"../../../Engine/Content/EditorMaterials/PreviewShadowIndicator.uasset" 252
"../../../Engine/Content/EditorMaterials/PreviewShadowIndicatorMaterial.uasset" 253
"../../../Engine/Content/EditorMaterials/AssetViewer/EpicQuadPanorama_CC+EV1.uasset" 254
"../../../Engine/Content/EditorMaterials/MatineeGroups/MAT_ColorTrack.uasset" 255
"../../../Engine/Content/EditorMaterials/MatineeGroups/MAT_Groups_Anim.uasset" 256
"../../../Engine/Content/EditorMaterials/MatineeGroups/MAT_Groups_AudioMaster.uasset" 257
"../../../Engine/Content/EditorMaterials/MatineeGroups/MAT_Groups_Director.uasset" 258
"../../../Engine/Content/EditorMaterials/MatineeGroups/MAT_Groups_Event.uasset" 259
"../../../Engine/Content/EditorMaterials/MatineeGroups/MAT_Groups_Fade.uasset" 260
"../../../Engine/Content/EditorMaterials/MatineeGroups/MAT_Groups_Float.uasset" 261
"../../../Engine/Content/EditorMaterials/MatineeGroups/MAT_Groups_Move.uasset" 262
"../../../Engine/Content/EditorMaterials/MatineeGroups/MAT_Groups_Slomo.uasset" 263
"../../../Engine/Content/EditorMaterials/MatineeGroups/MAT_Groups_Sound.uasset" 264
"../../../Engine/Content/EditorMaterials/MatineeGroups/MAT_Groups_Vector.uasset" 265
"../../../Engine/Content/EditorMaterials/ParticleSystems/PSysThumbnail_NoImage.uasset" 266
"../../../Engine/Content/EditorMaterials/ParticleSystems/PSysThumbnail_OOD.uasset" 267
"../../../Engine/Content/EditorMaterials/Camera/CineMat.uasset" 268
"../../../Engine/Content/EditorMaterials/Camera/MI_CineMat_Rig.uasset" 269
"../../../Engine/Content/EditorMeshes/Camera/SM_CraneRig_Arm.uasset" 270
"../../../Engine/Content/EditorMeshes/Camera/SM_CraneRig_Base.uasset" 271
"../../../Engine/Content/EditorMeshes/Camera/SM_CraneRig_Body.uasset" 272
"../../../Engine/Content/EditorMeshes/Camera/SM_CraneRig_Mount.uasset" 273
"../../../Engine/Content/EditorMeshes/Camera/SM_RailRig_Mount.uasset" 274
"../../../Engine/Content/EditorMeshes/Camera/SM_RailRig_Track.uasset" 275
"../../../Engine/Content/EditorMeshes/ColorCalibrator/M_ChromeBall.uasset" 276
"../../../Engine/Content/EditorMeshes/ColorCalibrator/M_ClearCoat.uasset" 277
"../../../Engine/Content/EditorMeshes/ColorCalibrator/M_ClearCoatBlack.uasset" 278
"../../../Engine/Content/EditorMeshes/ColorCalibrator/T_ColorGrid.uasset" 279
"../../../Engine/Content/EditorMeshes/ColorCalibrator/M_ColorGrid.uasset" 280
"../../../Engine/Content/EditorMeshes/ColorCalibrator/M_GreyBall.uasset" 281
"../../../Engine/Content/EditorMeshes/ColorCalibrator/SM_ColorCalibrator.uasset" 282
"../../../Engine/Content/EditorResources/BSPVertex.uasset" 283
"../../../Engine/Content/EditorResources/S_Actor.uasset" 284
"../../../Engine/Content/EditorResources/S_Trigger.uasset" 285
"../../../Engine/Content/EditorResources/SequenceRecorder/Countdown.uasset" 286
"../../../Engine/Content/EditorResources/SequenceRecorder/RecordingIndicator.uasset" 287
"../../../Engine/Content/EditorSounds/Notifications/CompileFailed.uasset" 288
"../../../Engine/Content/EditorSounds/Notifications/CompileFailed_Cue.uasset" 289
"../../../Engine/Content/EditorSounds/Notifications/CompileSuccess.uasset" 290
"../../../Engine/Content/EditorSounds/Notifications/CompileStart_Cue.uasset" 291
"../../../Engine/Content/EditorSounds/Notifications/CompileSuccess_Cue.uasset" 292
"../../../Engine/Content/EngineDamageTypes/DmgTypeBP_Environmental.uasset" 293
"../../../Engine/Content/EngineDebugMaterials/HeatmapGradient.uasset" 294
"../../../Engine/Content/EngineDebugMaterials/BoneWeightMaterial.uasset" 295
"../../../Engine/Content/EngineDebugMaterials/ClothMaterial.uasset" 296
"../../../Engine/Content/EngineDebugMaterials/DebugMeshMaterial.uasset" 297
"../../../Engine/Content/EngineDebugMaterials/GeomMaterial.uasset" 298
"../../../Engine/Content/EngineFonts/Faces/RobotoBold.uasset" 299
"../../../Engine/Content/EngineFonts/Faces/RobotoBoldItalic.uasset" 300
"../../../Engine/Content/EngineFonts/Faces/RobotoItalic.uasset" 301
"../../../Engine/Content/EngineFonts/Faces/RobotoLight.uasset" 302
"../../../Engine/Content/EngineFonts/Faces/RobotoRegular.uasset" 303
"../../../Engine/Content/EngineFonts/Roboto.uasset" 304
"../../../Engine/Content/EngineFonts/Faces/RobotoTiny.uasset" 305
"../../../Engine/Content/EngineFonts/RobotoTiny.uasset" 306
"../../../Engine/Content/EngineMaterials/DefaultBloomKernel.uasset" 307
"../../../Engine/Content/EngineMaterials/DefaultBokeh.uasset" 308
"../../../Engine/Content/EngineMaterials/DefaultDiffuse.uasset" 309
"../../../Engine/Content/EngineMaterials/DefaultDeferredDecalMaterial.uasset" 310
"../../../Engine/Content/EngineMaterials/DefaultLightFunctionMaterial.uasset" 311
"../../../Engine/Content/EngineMaterials/DefaultPhysicalMaterial.uasset" 312
"../../../Engine/Content/Functions/Engine_MaterialFunctions02/Utility/BreakOutFloat2Components.uasset" 313
"../../../Engine/Content/EngineMaterials/DefaultPostProcessMaterial.uasset" 314
"../../../Engine/Content/EngineFonts/RobotoDistanceField.uasset" 315
"../../../Engine/Content/EngineMaterials/DefaultTextMaterialOpaque.uasset" 316
"../../../Engine/Content/EngineMaterials/DefaultWhiteGrid.uasset" 317
"../../../Engine/Content/EngineMaterials/EditorBrushMaterial.uasset" 318
"../../../Engine/Content/EngineMaterials/Good64x64TilingNoiseHighFreq.uasset" 319
"../../../Engine/Content/EngineMaterials/MiniFont.uasset" 320
"../../../Engine/Content/EngineMaterials/InvalidLightmapSettings.uasset" 321
"../../../Engine/Content/EngineMaterials/M_InvalidLightmapSettings.uasset" 322
"../../../Engine/Content/EngineMaterials/PhAT_JointLimitMaterial.uasset" 323
"../../../Engine/Content/EngineMaterials/PreintegratedSkinBRDF.uasset" 324
"../../../Engine/Content/EngineMaterials/RemoveSurfaceMaterial.uasset" 325
"../../../Engine/Content/EngineMaterials/WeightMapPlaceholderTexture.uasset" 326
"../../../Engine/Content/EngineResources/WhiteSquareTexture.uasset" 327
"../../../Engine/Content/EngineMaterials/Widget3DPassThrough.uasset" 328
"../../../Engine/Content/EngineMaterials/Widget3DPassThrough_Masked.uasset" 329
"../../../Engine/Content/EngineMaterials/Widget3DPassThrough_Opaque.uasset" 330
"../../../Engine/Content/EngineMaterials/Widget3DPassThrough_Masked_OneSided.uasset" 331
"../../../Engine/Content/EngineMaterials/Widget3DPassThrough_Opaque_OneSided.uasset" 332
"../../../Engine/Content/EngineMaterials/Widget3DPassThrough_Translucent.uasset" 333
"../../../Engine/Content/EngineMaterials/Widget3DPassThrough_Translucent_OneSided.uasset" 334
"../../../Engine/Content/EngineMeshes/Cube.uasset" 335
"../../../Engine/Content/EngineMeshes/Cylinder.uasset" 336
"../../../Engine/Content/EngineMeshes/Sphere.uasset" 337
"../../../Engine/Content/EngineResources/Black.uasset" 338
"../../../Engine/Content/EngineResources/DefaultTexture.uasset" 339
"../../../Engine/Content/EngineResources/DefaultTextureCube.uasset" 340
"../../../Engine/Content/EngineResources/GradientTexture0.uasset" 341
"../../../Engine/Content/EngineSounds/Master.uasset" 342
"../../../Engine/Content/Functions/Engine_MaterialFunctions01/Shading/ConvertFromDiffSpec.uasset" 343
"../../../Engine/Content/Functions/Engine_MaterialFunctions01/Shading/PowerToRoughness.uasset" 344
"../../../Engine/Content/Maps/Templates/Thumbnails/Default.uasset" 345
"../../../Engine/Content/Maps/Templates/Thumbnails/VR-Basic.uasset" 346
"../../../Engine/Content/MobileResources/T_MobileControls_texture.uasset" 347
"../../../Engine/Content/MobileResources/T_MobileMenu2.uasset" 348
"../../../Engine/Content/MobileResources/HUD/AnalogHat.uasset" 349
"../../../Engine/Content/MobileResources/HUD/VirtualJoystick_Background.uasset" 350
"../../../Engine/Content/MobileResources/HUD/VirtualJoystick_Thumb.uasset" 351
"../../../Engine/Content/MobileResources/HUD/DefaultVirtualJoysticks.uasset" 352
"../../../Engine/Content/MobileResources/HUD/LeftVirtualJoystickOnly.uasset" 353
"../../../Engine/Content/MobileResources/HUD/MobileHUDButton1_off.uasset" 354
"../../../Engine/Content/MobileResources/HUD/MobileHUDButton1_on.uasset" 355
"../../../Engine/Content/MobileResources/HUD/MobileHUDButton2_off.uasset" 356
"../../../Engine/Content/MobileResources/HUD/MobileHUDButton2_on.uasset" 357
"../../../Engine/Content/MobileResources/HUD/MobileHUDButton3.uasset" 358
"../../../Engine/Content/MobileResources/HUD/MobileHUDButtonFire.uasset" 359
"../../../Engine/Content/MobileResources/HUD/MobileHUDDirectionPad.uasset" 360
"../../../Engine/Content/MobileResources/HUD/MobileHUDDirectionPad2.uasset" 361
"../../../Engine/Content/MobileResources/HUD/MobileHUDDirectionPad3.uasset" 362
"../../../Engine/Content/MobileResources/HUD/MobileHUDDirectionStick.uasset" 363
"../../../Engine/Content/MobileResources/HUD/T_Castle_ThumbstickInner.uasset" 364
"../../../Engine/Content/MobileResources/HUD/T_Castle_ThumbstickOutter.uasset" 365
"../../../Engine/Content/Tutorial/ContentIntroCurve.uasset" 366
"../../../Engine/Content/Tutorial/Basics/TutorialAssets/icon_tab_Levels_40x.uasset" 367
"../../../Engine/Content/Tutorial/BlueprintTutorials/TutorialAssets/BlueprintInterface_64x.uasset" 368
"../../../Engine/Content/Tutorial/BlueprintTutorials/TutorialAssets/BlueprintMacroLibrary_64x.uasset" 369
"../../../Engine/Content/Tutorial/BlueprintTutorials/TutorialAssets/Blueprint_64x.uasset" 370
"../../../Engine/Content/Tutorial/BlueprintTutorials/TutorialAssets/Tutorial_BP_Interface.uasset" 371
"../../../Engine/Content/Tutorial/Foliage/TutorialAssets/Foliage.uasset" 372
"../../../Engine/Content/Tutorial/Landscape/TutorialAssets/Landscape.uasset" 373
"../../../Engine/Content/Tutorial/Paper2D/TutorialAssets/Paper2DFlipbook_TutorialIcon.uasset" 374
"../../../Engine/Content/Tutorial/Paper2D/TutorialAssets/Paper2DSprite_TutorialIcon.uasset" 375
"../../../Engine/Content/Tutorial/SubEditors/TutorialAssets/icon_Editor_Preferences_General_40x.uasset" 376
"../../../Engine/Content/Tutorial/SubEditors/TutorialAssets/icon_ShowSkeletalMeshes_40x.uasset" 377
"../../../Engine/Content/Tutorial/SubEditors/TutorialAssets/TutorialMaterial.uasset" 378
"../../../Engine/Content/Tutorial/SubEditors/TutorialAssets/T_SmokeSubUV_8X8.uasset" 379
"../../../Engine/Content/Tutorial/SubEditors/TutorialAssets/T_soft_smoke.uasset" 380
"../../../Engine/Content/Tutorial/SubEditors/TutorialAssets/M_smoke_subUV_blackbody.uasset" 381
"../../../Engine/Content/Tutorial/SubEditors/TutorialAssets/TutorialParticleSystem.uasset" 382
"../../../Engine/Content/EditorMeshes/EditorCube.uasset" 383
"../../../Engine/Content/Tutorial/SubEditors/TutorialAssets/Tutorial_DM.uasset" 384
"../../../Engine/Content/VREditor/Devices/Generic/GenericHMDMaterial.uasset" 385
"../../../Engine/Content/VREditor/Devices/Generic/GenericHMD.uasset" 386
"../../../Engine/Content/VREditor/FloatingText/LineMaterial.uasset" 387
"../../../Engine/Content/VREditor/FloatingText/JointSphere.uasset" 388
"../../../Engine/Content/VREditor/FloatingText/LineSegmentCylinder.uasset" 389
"../../../Engine/Content/VREditor/Fonts/VRText_RobotoLarge.uasset" 390
"../../../Engine/Content/VREditor/Fonts/VRTextMaterial.uasset" 391
"../../../Engine/Content/VREditor/Fonts/TranslucentVRTextMaterial.uasset" 392
"../../../Engine/Content/VREditor/LaserPointer/VR_LaserPower_01.uasset" 393
"../../../Engine/Content/VREditor/TransformGizmo/TransformGizmoMaterial.uasset" 394
"../../../Engine/Content/VREditor/LaserPointer/HoverMaterial.uasset" 395
"../../../Engine/Content/VREditor/TransformGizmo/TranslucentTransformGizmoMaterial.uasset" 396
"../../../Engine/Content/VREditor/LaserPointer/TranslucentHoverMaterial.uasset" 397
"../../../Engine/Content/VREditor/LaserPointer/HoverMesh.uasset" 398
"../../../Engine/Content/VREditor/LaserPointer/LaserPointerMaterial.uasset" 399
"../../../Engine/Content/VREditor/LaserPointer/LaserPointerMaterialInst.uasset" 400
"../../../Engine/Content/VREditor/LaserPointer/TranslucentLaserPointerMaterialInst.uasset" 401
"../../../Engine/Content/VREditor/LaserPointer/LaserPointerMesh.uasset" 402
"../../../Engine/Content/VREditor/LaserPointer/LaserPointerMesh_End.uasset" 403
"../../../Engine/Content/VREditor/LaserPointer/LaserPointerMesh_Start.uasset" 404
"../../../Engine/Content/Functions/Engine_MaterialFunctions02/Utility/BreakOutFloat3Components.uasset" 405
"../../../Engine/Content/Functions/Engine_MaterialFunctions02/Math/Transform3x3Matrix.uasset" 406
"../../../Engine/Content/Functions/Engine_MaterialFunctions02/SplitComponents.uasset" 407
"../../../Engine/Content/Functions/Engine_MaterialFunctions02/Utility/MakeFloat3.uasset" 408
"../../../Engine/Content/VREditor/SnapGrid/SnapGridMaterial.uasset" 409
"../../../Engine/Content/VREditor/SnapGrid/SnapGridPlaneMesh.uasset" 410
"../../../Engine/Content/VREditor/Sounds/VR_teleport_Cue.uasset" 411
"../../../Engine/Content/VREditor/Sounds/UI/Click_on_Button_Cue.uasset" 412
"../../../Engine/Content/VREditor/Sounds/UI/Dockable_Window_Close.uasset" 413
"../../../Engine/Content/VREditor/Sounds/UI/Dockable_Window_Drop.uasset" 414
"../../../Engine/Content/VREditor/Sounds/UI/Dockable_Window_Open.uasset" 415
"../../../Engine/Content/VREditor/Sounds/UI/Dockable_Window_Pick_Up.uasset" 416
"../../../Engine/Content/VREditor/Sounds/UI/Drop_Item_From_ContentBrowser.uasset" 417
"../../../Engine/Content/VREditor/Sounds/UI/Floating_UI_Open-001.uasset" 418
"../../../Engine/Content/VREditor/Sounds/UI/Gizmo_Handle_Clicked.uasset" 419
"../../../Engine/Content/VREditor/Sounds/UI/Object_PickUp.uasset" 420
"../../../Engine/Content/VREditor/Sounds/UI/Object_Snaps_To_Another_Actor.uasset" 421
"../../../Engine/Content/VREditor/Sounds/UI/Object_Snaps_To_Grid.uasset" 422
"../../../Engine/Content/VREditor/Sounds/UI/Radial_Menu_FadeOut.uasset" 423
"../../../Engine/Content/VREditor/Sounds/UI/Scaling_Down.uasset" 424
"../../../Engine/Content/VREditor/Sounds/UI/Scaling_Up.uasset" 425
"../../../Engine/Content/VREditor/Sounds/UI/Selection_Changes.uasset" 426
"../../../Engine/Content/VREditor/Sounds/UI/Teleport_Mode_Entered.uasset" 427
"../../../Engine/Content/VREditor/Teleport/TeleportDirectionMaterial.uasset" 428
"../../../Engine/Content/VREditor/Teleport/TeleportDirectionMaterial_Inst.uasset" 429
"../../../Engine/Content/VREditor/Teleport/TeleportDirectionMesh.uasset" 430
"../../../Engine/Content/VREditor/TransformGizmo/BoundingBoxCorner.uasset" 431
"../../../Engine/Content/VREditor/TransformGizmo/BoundingBoxEdge.uasset" 432
"../../../Engine/Content/VREditor/TransformGizmo/PlaneTranslationHandle.uasset" 433
"../../../Engine/Content/VREditor/TransformGizmo/RotationHandle.uasset" 434
"../../../Engine/Content/VREditor/TransformGizmo/RotationHandleFull.uasset" 435
"../../../Engine/Content/VREditor/TransformGizmo/RotationHandleIndicator.uasset" 436
"../../../Engine/Content/VREditor/TransformGizmo/RotationHandleQuarter.uasset" 437
"../../../Engine/Content/VREditor/TransformGizmo/Main.uasset" 438
"../../../Engine/Content/VREditor/TransformGizmo/Xray.uasset" 439
"../../../Engine/Content/VREditor/TransformGizmo/SM_Dialog_Close.uasset" 440
"../../../Engine/Content/VREditor/TransformGizmo/SM_Dialog_Move.uasset" 441
"../../../Engine/Content/VREditor/TransformGizmo/SM_Sequencer_Key.uasset" 442
"../../../Engine/Content/VREditor/TransformGizmo/StartRotationHandleIndicator.uasset" 443
"../../../Engine/Content/VREditor/TransformGizmo/TransformGizmoMaterial_Inst.uasset" 444
"../../../Engine/Content/VREditor/TransformGizmo/TranslateArrowHandle.uasset" 445
"../../../Engine/Content/VREditor/TransformGizmo/TranslationHandle.uasset" 446
"../../../Engine/Content/VREditor/TransformGizmo/TranslucentTransformGizmoMaterial_Inst.uasset" 447
"../../../Engine/Content/VREditor/TransformGizmo/UniformScaleHandle.uasset" 448
"../../../Engine/Content/VREditor/UI/KeyDiskMaterial.uasset" 449
"../../../Engine/Content/VREditor/UI/DiscMaterial.uasset" 450
"../../../Engine/Content/VREditor/UI/SM_Radial_Disk.uasset" 451
"../../../Engine/Content/Functions/Engine_MaterialFunctions01/Gradient/RadialGradient.uasset" 452
"../../../Engine/Content/VREditor/WorldMovementGrid/SimpleGrid.uasset" 453
"../../../Engine/Content/VREditor/WorldMovementGrid/GridMaterial.uasset" 454
"../../../Engine/Content/Functions/Engine_MaterialFunctions01/Density/ExponentialDensity.uasset" 455
"../../../Engine/Content/VREditor/WorldMovementGrid/GridPostProcess.uasset" 456
"../../../Engine/Content/EditorLandscapeResources/FlattenHeightMat.uasset" 457
"../../../Engine/Content/VREditor/WorldMovementGrid/PlaneMesh.uasset" 458
"../../../Engine/Plugins/2D/Paper2D/Content/DummySprite.uasset" 459
"../../../Engine/Plugins/2D/Paper2D/Content/DefaultPaperTerrainMaterial.uasset" 460
"../../../Engine/Plugins/2D/Paper2D/Content/MaskedUnlitSpriteMaterial.uasset" 461
"../../../Engine/Plugins/2D/Paper2D/Content/PlaceholderTextures/DummySpriteTexture.uasset" 462
"../../../Engine/Plugins/Runtime/GearVR/Content/Textures/GearVRController_AO.uasset" 463
"../../../Engine/Plugins/Runtime/GearVR/Content/Textures/GearVRController_Color.uasset" 464
"../../../Engine/Plugins/Runtime/GearVR/Content/Textures/GearVRController_Normal.uasset" 465
"../../../Engine/Plugins/Runtime/GearVR/Content/Materials/GearVRControllerMaterial.uasset" 466
"../../../Engine/Plugins/Runtime/GearVR/Content/Meshes/GearVrController.uasset" 467
"../../../demon/Content/osnovni_blupovi/Blueprints/2DSideScrollerCharacter.uasset" 468
"../../../demon/Content/osnovni_blupovi/Blueprints/2DSideScrollerGameMode.uasset" 469
"../../../demon/Content/aseti/mape/astek/astek_BuiltData.uasset" 470
"../../../Engine/Content/MapTemplates/Bokeh_5Sides.uasset" 471
"../../../Engine/Content/MapTemplates/T_ScreenDirt02_w.uasset" 472
"../../../Engine/Plugins/2D/Paper2D/Content/OpaqueUnlitSpriteMaterial.uasset" 473
"../../../demon/Content/osnovni_aseti/Textures/2DBackground.uasset" 474
"../../../demon/Content/osnovni_aseti/Sprites/Background_Sprite.uasset" 475
"../../../demon/Content/osnovni_aseti/Textures/2DBackgroundBlockAtlas.uasset" 476
"../../../demon/Content/osnovni_aseti/Sprites/Ledge.uasset" 477
"../../../demon/Content/aseti/mape/astek/astek.umap" 478
"../../../demon/Content/osnovni_blupovi/Maps/2DSideScrollerExampleMap_BuiltData.uasset" 479
"../../../demon/Content/osnovni_blupovi/Maps/2DSideScrollerExampleMap.umap" 480
"../../../Engine/Content/Maps/Entry.umap" 481
